[20:24:41] [ServerMain/INFO]: Environment: authHost='https://authserver.mojang.com', accountsHost='https://api.mojang.com', sessionHost='https://sessionserver.mojang.com', servicesHost='https://api.minecraftservices.com', name='PROD'
[20:24:41] [ServerMain/INFO]: Loaded 7 recipes
[20:24:41] [ServerMain/INFO]: Loaded 1271 advancements
[20:24:42] [Server thread/INFO]: Starting minecraft server version 1.20.1
[20:24:42] [Server thread/INFO]: Loading properties
[20:24:42] [Server thread/INFO]: Default game type: SURVIVAL
[20:24:42] [Server thread/INFO]: Generating keypair
[20:24:42] [Server thread/INFO]: Starting Minecraft server on *:25565
[20:24:42] [Server thread/INFO]: Using default channel type
[20:24:42] [Server thread/WARN]: **** SERVER IS RUNNING IN OFFLINE/INSECURE MODE!
[20:24:42] [Server thread/WARN]: The server will make no attempt to authenticate usernames. Beware.
[20:24:42] [Server thread/WARN]: While this makes the game possible to play without internet access, it also opens up the ability for hackers to connect with any username they choose.
[20:24:42] [Server thread/WARN]: To change this, set "online-mode" to "true" in the server.properties file.
[20:24:42] [Server thread/INFO]: Preparing level "world"
[20:24:42] [Server thread/INFO]: Preparing start region for dimension minecraft:overworld
[20:24:43] [Worker-Main-18/INFO]: Preparing spawn area: 0%
[20:24:43] [Worker-Main-18/INFO]: Preparing spawn area: 0%
[20:24:43] [Worker-Main-19/INFO]: Preparing spawn area: 0%
[20:24:44] [Server thread/INFO]: Time elapsed: 1396 ms
[20:24:44] [Server thread/INFO]: Done (1.799s)! For help, type "help"
[20:25:05] [Server thread/INFO]: J0nathan550[/[0:0:0:0:0:0:0:1]:50841] logged in with entity id 166 at (1.5, 94.0, 10.5)
[20:25:05] [Server thread/INFO]: J0nathan550 joined the game
[20:25:15] [Server thread/INFO]: gogahenochka8[/[0:0:0:0:0:0:0:1]:50844] logged in with entity id 201 at (-5.5, 115.0, 2.5)
[20:25:15] [Server thread/INFO]: gogahenochka8 joined the game
[20:25:46] [Server thread/INFO]: gogahenochka8 fell from a high place
[20:26:18] [Server thread/INFO]: J0nathan550 lost connection: Disconnected
[20:26:18] [Server thread/INFO]: J0nathan550 left the game
[20:26:28] [Server thread/INFO]: J0nathan550[/[0:0:0:0:0:0:0:1]:50857] logged in with entity id 393 at (7.746751695020236, 92.0, 3.699999988079071)
[20:26:28] [Server thread/INFO]: J0nathan550 joined the game
[20:26:46] [Server thread/INFO]: gogahenochka8 was slain by J0nathan550
[20:26:55] [Server thread/INFO]: gogahenochka8 lost connection: Disconnected
[20:26:55] [Server thread/INFO]: gogahenochka8 left the game
[20:26:59] [Server thread/INFO]: J0nathan550 lost connection: Disconnected
[20:26:59] [Server thread/INFO]: J0nathan550 left the game
[20:30:38] [Server thread/INFO]: /advancement (grant|revoke)
[20:30:38] [Server thread/INFO]: /attribute <target> <attribute> (get|base|modifier)
[20:30:38] [Server thread/INFO]: /execute (run|if|unless|as|at|store|positioned|rotated|facing|align|anchored|in|summon|on)
[20:30:38] [Server thread/INFO]: /bossbar (add|remove|list|set|get)
[20:30:38] [Server thread/INFO]: /clear [<targets>]
[20:30:38] [Server thread/INFO]: /clone (<begin>|from)
[20:30:38] [Server thread/INFO]: /damage <target> <amount> [<damageType>]
[20:30:38] [Server thread/INFO]: /data (merge|get|remove|modify)
[20:30:38] [Server thread/INFO]: /datapack (enable|disable|list)
[20:30:38] [Server thread/INFO]: /debug (start|stop|function)
[20:30:38] [Server thread/INFO]: /defaultgamemode <gamemode>
[20:30:38] [Server thread/INFO]: /difficulty [peaceful|easy|normal|hard]
[20:30:38] [Server thread/INFO]: /effect (clear|give)
[20:30:38] [Server thread/INFO]: /me <action>
[20:30:38] [Server thread/INFO]: /enchant <targets> <enchantment> [<level>]
[20:30:38] [Server thread/INFO]: /experience (add|set|query)
[20:30:38] [Server thread/INFO]: /xp -> experience
[20:30:38] [Server thread/INFO]: /fill <from> <to> <block> [replace|keep|outline|hollow|destroy]
[20:30:38] [Server thread/INFO]: /fillbiome <from> <to> <biome> [replace]
[20:30:38] [Server thread/INFO]: /forceload (add|remove|query)
[20:30:38] [Server thread/INFO]: /function <name>
[20:30:38] [Server thread/INFO]: /gamemode <gamemode> [<target>]
[20:30:38] [Server thread/INFO]: /gamerule (announceAdvancements|blockExplosionDropDecay|commandBlockOutput|commandModificationBlockLimit|disableElytraMovementCheck|disableRaids|doDaylightCycle|doEntityDrops|doFireTick|doImmediateRespawn|doInsomnia|doLimitedCrafting|doMobLoot|doMobSpawning|doPatrolSpawning|doTileDrops|doTraderSpawning|doVinesSpread|doWardenSpawning|doWeatherCycle|drowningDamage|fallDamage|fireDamage|forgiveDeadPlayers|freezeDamage|globalSoundEvents|keepInventory|lavaSourceConversion|logAdminCommands|maxCommandChainLength|maxEntityCramming|mobExplosionDropDecay|mobGriefing|naturalRegeneration|playersSleepingPercentage|randomTickSpeed|reducedDebugInfo|sendCommandFeedback|showDeathMessages|snowAccumulationHeight|spawnRadius|spectatorsGenerateChunks|tntExplosionDropDecay|universalAnger|waterSourceConversion)
[20:30:38] [Server thread/INFO]: /give <targets> <item> [<count>]
[20:30:38] [Server thread/INFO]: /help [<command>]
[20:30:38] [Server thread/INFO]: /item (replace|modify)
[20:30:38] [Server thread/INFO]: /kick <targets> [<reason>]
[20:30:38] [Server thread/INFO]: /kill [<targets>]
[20:30:38] [Server thread/INFO]: /list [uuids]
[20:30:38] [Server thread/INFO]: /locate (structure|biome|poi)
[20:30:38] [Server thread/INFO]: /loot (replace|insert|give|spawn)
[20:30:38] [Server thread/INFO]: /msg <targets> <message>
[20:30:38] [Server thread/INFO]: /tell -> msg
[20:30:38] [Server thread/INFO]: /w -> msg
[20:30:38] [Server thread/INFO]: /particle <name> [<pos>]
[20:30:38] [Server thread/INFO]: /place (feature|jigsaw|structure|template)
[20:30:38] [Server thread/INFO]: /playsound <sound> (master|music|record|weather|block|hostile|neutral|player|ambient|voice)
[20:30:38] [Server thread/INFO]: /reload
[20:30:38] [Server thread/INFO]: /recipe (give|take)
[20:30:38] [Server thread/INFO]: /return <value>
[20:30:38] [Server thread/INFO]: /ride <target> (mount|dismount)
[20:30:38] [Server thread/INFO]: /say <message>
[20:30:38] [Server thread/INFO]: /schedule (function|clear)
[20:30:38] [Server thread/INFO]: /scoreboard (objectives|players)
[20:30:38] [Server thread/INFO]: /seed
[20:30:38] [Server thread/INFO]: /setblock <pos> <block> [destroy|keep|replace]
[20:30:38] [Server thread/INFO]: /spawnpoint [<targets>]
[20:30:38] [Server thread/INFO]: /setworldspawn [<pos>]
[20:30:38] [Server thread/INFO]: /spectate [<target>]
[20:30:38] [Server thread/INFO]: /spreadplayers <center> <spreadDistance> <maxRange> (<respectTeams>|under)
[20:30:38] [Server thread/INFO]: /stopsound <targets> [*|master|music|record|weather|block|hostile|neutral|player|ambient|voice]
[20:30:38] [Server thread/INFO]: /summon <entity> [<pos>]
[20:30:38] [Server thread/INFO]: /tag <targets> (add|remove|list)
[20:30:38] [Server thread/INFO]: /team (list|add|remove|empty|join|leave|modify)
[20:30:38] [Server thread/INFO]: /teammsg <message>
[20:30:38] [Server thread/INFO]: /tm -> teammsg
[20:30:38] [Server thread/INFO]: /teleport (<location>|<destination>|<targets>)
[20:30:38] [Server thread/INFO]: /tp -> teleport
[20:30:38] [Server thread/INFO]: /tellraw <targets> <message>
[20:30:38] [Server thread/INFO]: /time (set|add|query)
[20:30:38] [Server thread/INFO]: /title <targets> (clear|reset|title|subtitle|actionbar|times)
[20:30:38] [Server thread/INFO]: /trigger <objective> [add|set]
[20:30:38] [Server thread/INFO]: /weather (clear|rain|thunder)
[20:30:38] [Server thread/INFO]: /worldborder (add|set|center|damage|get|warning)
[20:30:38] [Server thread/INFO]: /jfr (start|stop)
[20:30:38] [Server thread/INFO]: /ban-ip <target> [<reason>]
[20:30:38] [Server thread/INFO]: /banlist [ips|players]
[20:30:38] [Server thread/INFO]: /ban <targets> [<reason>]
[20:30:38] [Server thread/INFO]: /deop <targets>
[20:30:38] [Server thread/INFO]: /op <targets>
[20:30:38] [Server thread/INFO]: /pardon <targets>
[20:30:38] [Server thread/INFO]: /pardon-ip <target>
[20:30:38] [Server thread/INFO]: /perf (start|stop)
[20:30:38] [Server thread/INFO]: /save-all [flush]
[20:30:38] [Server thread/INFO]: /save-off
[20:30:38] [Server thread/INFO]: /save-on
[20:30:38] [Server thread/INFO]: /setidletimeout <minutes>
[20:30:38] [Server thread/INFO]: /stop
[20:30:38] [Server thread/INFO]: /whitelist (on|off|list|add|remove|reload)
